#
# A fatal error has been detected by the Java Runtime Environment:
#
#  SIGSEGV (0xb) at pc=0x000000011945b8e3, pid=4495, tid=2571
#
# JRE version: Java(TM) SE Runtime Environment (7.0_79-b15) (build 1.7.0_79-b15)
# Java VM: Java HotSpot(TM) 64-Bit Server VM (24.79-b02 mixed mode bsd-amd64 compressed oops)
# Problematic frame:
# C  [libglass.dylib+0x158e3]  GlassScreenDidChangeScreenParameters+0x13
#
# Failed to write core dump. Core dumps have been disabled. To enable core dumping, try "ulimit -c unlimited" before starting Java again
#
# If you would like to submit a bug report, please visit:
#   http://bugreport.java.com/bugreport/crash.jsp
#

---------------  T H R E A D  ---------------

Current thread is native thread

siginfo:si_signo=SIGSEGV: si_errno=0, si_code=1 (SEGV_MAPERR), si_addr=0x0000000000000000

Registers:
RAX=0x00000000000000b1, RBX=0x0000000000000000, RCX=0x0000030000000403, RDX=0x0000040000000400
RSP=0x00007fff535ff280, RBP=0x00007fff535ff290, RSI=0x0000000000012068, RDI=0x0000000000000000
R8 =0x0000000000000040, R9 =0x00007fff796fa1e0, R10=0xffffffffffffffff, R11=0x0000000000000246
R12=0x00007fbd41485370, R13=0x00007fbd417496b0, R14=0x00007fbd417496f0, R15=0x0000000000000000
RIP=0x000000011945b8e3, EFLAGS=0x0000000000010202, ERR=0x0000000000000004
  TRAPNO=0x000000000000000e

Top of Stack: (sp=0x00007fff535ff280)
0x00007fff535ff280:   00007fff535ff2d8 00007fbd41485370
0x00007fff535ff290:   00007fff535ff2a0 00007fff91e10c9c
0x00007fff535ff2a0:   00007fff535ff2c0 00007fff91e10c2f
0x00007fff535ff2b0:   0000000000000000 0000000000000000
0x00007fff535ff2c0:   00007fff535ff330 00007fff91e10ba7
0x00007fff535ff2d0:   00007fff7b53f110 00007fff79c3c0a0
0x00007fff535ff2e0:   0000000042000000 00007fff91e10bf0
0x00007fff535ff2f0:   00007fff794646f0 00007fbd417496b0
0x00007fff535ff300:   00007fbd41485370 00007fff535ffad8
0x00007fff535ff310:   00007fff795916d0 00007fff535ffad8
0x00007fff535ff320:   00007fbd417496b0 00007fff921cfa02
0x00007fff535ff330:   00007fff535ff370 00007fff91e10912
0x00007fff535ff340:   00007fff535ff950 0000000000000000
0x00007fff535ff350:   00007fff795916d0 00007fff535ffad8
0x00007fff535ff360:   00007fff8d1ced40 00007fff921cfa02
0x00007fff535ff370:   00007fff535ffa80 00007fff91dcd6d2
0x00007fff535ff380:   00007fff535ff3d0 00007fff91571378
0x00007fff535ff390:   00007fbd41479950 00007fbd41507da0
0x00007fff535ff3a0:   00007fbd41809048 00007fbd414374c0
0x00007fff535ff3b0:   0000000000000000 00007fbd41749750
0x00007fff535ff3c0:   0000000000000000 0000000000000000
0x00007fff535ff3d0:   00007fff794a1b50 00007fff535ff950
0x00007fff535ff3e0:   0000000000000001 0000000000000100
0x00007fff535ff3f0:   0000000000001500 00007fff535ff850
0x00007fff535ff400:   0000000000000000 0000000000000100
0x00007fff535ff410:   00007fff535ff400 00007fff795916d0
0x00007fff535ff420:   0000000000000000 00007fff79465490
0x00007fff535ff430:   00007fff795916d0 0000000000000000
0x00007fff535ff440:   00007fff79465490 00007fbd41478ed0
0x00007fff535ff450:   00007fbd41479900 0000000000000002
0x00007fff535ff460:   0000000000000000 00007fff8d1ced40
0x00007fff535ff470:   00007fff535ff630 00007fff9c7fe100 

Instructions: (pc=0x000000011945b8e3)
0x000000011945b8c3:   90 90 90 90 90 90 90 90 90 90 90 90 90 55 48 89
0x000000011945b8d3:   e5 48 89 5d f0 4c 89 65 f8 48 83 ec 10 48 89 fb
0x000000011945b8e3:   48 8b 07 4c 8d 25 bb 49 03 00 48 8d 0d dc 75 01
0x000000011945b8f3:   00 48 8d 15 09 c9 01 00 49 8b 34 24 ff 90 88 03 

Register to memory mapping:

RAX=0x00000000000000b1 is an unknown value
RBX=0x0000000000000000 is an unknown value
RCX=0x0000030000000403 is an unknown value
RDX=0x0000040000000400 is an unknown value
RSP=0x00007fff535ff280 is an unknown value
RBP=0x00007fff535ff290 is an unknown value
RSI=0x0000000000012068 is an unknown value
RDI=0x0000000000000000 is an unknown value
R8 =0x0000000000000040 is an unknown value
R9 =0x00007fff796fa1e0: __sFX+0x1c0 in /usr/lib/system/libsystem_c.dylib at 0x00007fff926e7000
R10=0xffffffffffffffff is an unknown value
R11=0x0000000000000246 is an unknown value
R12=0x00007fbd41485370 is an unknown value
R13=0x00007fbd417496b0 is an unknown value
R14=0x00007fbd417496f0 is an unknown value
R15=0x0000000000000000 is an unknown value


Stack: [0x00007fff52e03000,0x00007fff53603000],  sp=0x00007fff535ff280,  free space=8176k
Native frames: (J=compiled Java code, j=interpreted, Vv=VM code, C=native code)
C  [libglass.dylib+0x158e3]  GlassScreenDidChangeScreenParameters+0x13
C  [CoreFoundation+0xa0c9c]  __CFNOTIFICATIONCENTER_IS_CALLING_OUT_TO_AN_OBSERVER__+0xc
C  [CoreFoundation+0xa0c2f]  ___CFXRegistrationPost_block_invoke+0x3f
C  [CoreFoundation+0xa0ba7]  _CFXRegistrationPost+0x197
C  [CoreFoundation+0xa0912]  ___CFXNotificationPost_block_invoke+0x32
C  [CoreFoundation+0x5d6d2]  -[_CFXNotificationRegistrar find:object:observer:enumerator:]+0x782
C  [CoreFoundation+0x5c925]  _CFXNotificationPost+0x2b5
C  [Foundation+0x70fa]  -[NSNotificationCenter postNotificationName:object:userInfo:]+0x42
C  [AppKit+0x41da66]  -[NSApplication _reactToScreenInvalidationImmediately:]+0x17f
C  [AppKit+0x41d8b7]  __44-[NSApplication _reactToScreenInvalidation:]_block_invoke+0x3b
C  [CoreFoundation+0xaa4dc]  __CFRUNLOOP_IS_CALLING_OUT_TO_A_BLOCK__+0xc
C  [CoreFoundation+0x89df5]  __CFRunLoopDoBlocks+0x155
C  [CoreFoundation+0x89b5b]  __CFRunLoopRun+0x92b
C  [CoreFoundation+0x88fc8]  CFRunLoopRunSpecific+0x128
C  [java+0x73b0]  CreateExecutionEnvironment+0x367
C  [java+0x1b5c]  JLI_Launch+0x7a0
C  [java+0x770d]  main+0x65
C  [java+0x13b4]  start+0x34


---------------  P R O C E S S  ---------------

VM state:at safepoint (normal execution)

VM Mutex/Monitor currently owned by a thread:  ([mutex/lock_event])
[0x00007fbd416074a0] Threads_lock - owner thread: 0x00007fbd41816800
[0x00007fbd416079a0] Heap_lock - owner thread: 0x00007fbd428a3000

Heap
 PSYoungGen      total 84992K, used 21119K [0x00000007d5500000, 0x00000007dc500000, 0x0000000800000000)
  eden space 64512K, 4% used [0x00000007d5500000,0x00000007d57b8490,0x00000007d9400000)
  from space 20480K, 89% used [0x00000007dab00000,0x00000007dbce78c0,0x00000007dbf00000)
  to   space 23552K, 0% used [0x00000007d9400000,0x00000007d9400000,0x00000007dab00000)
 ParOldGen       total 87040K, used 29060K [0x0000000780000000, 0x0000000785500000, 0x00000007d5500000)
  object space 87040K, 33% used [0x0000000780000000,0x0000000781c612f0,0x0000000785500000)
 PSPermGen       total 21504K, used 21300K [0x000000077ae00000, 0x000000077c300000, 0x0000000780000000)
  object space 21504K, 99% used [0x000000077ae00000,0x000000077c2cd350,0x000000077c300000)

Card table byte_map: [0x0000000110c63000,0x000000011108d000] byte_map_base: 0x000000010d08c000

Polling page: 0x000000010c8b9000

Code Cache  [0x000000010dc63000, 0x000000010ded3000, 0x0000000110c63000)
 total_blobs=829 nmethods=247 adapters=536 free_code_cache=47953Kb largest_free_block=49069120

Compilation events (10 events):
Event: 127.064 Thread 0x00007fbd4282e000 nmethod 257 0x000000010dd20890 code [0x000000010dd209e0, 0x000000010dd20bb8]
Event: 127.064 Thread 0x00007fbd4282e000  258             com.sun.glass.ui.mac.MacGestureSupport::notifyEndTouchEvent (8 bytes)
Event: 127.065 Thread 0x00007fbd43000800 nmethod 256 0x000000010dd20410 code [0x000000010dd20560, 0x000000010dd20718]
Event: 127.065 Thread 0x00007fbd4282e000 nmethod 258 0x000000010dcfab90 code [0x000000010dcface0, 0x000000010dcfad48]
Event: 166.297 Thread 0x00007fbd43000800  259   !         com.sun.javafx.tk.quantum.QuantumToolkit$10::run (19 bytes)
Event: 166.297 Thread 0x00007fbd4282e000  260             com.sun.javafx.tk.quantum.QuantumToolkit::postPulse (151 bytes)
Event: 166.300 Thread 0x00007fbd4282e000 nmethod 260 0x000000010dd1ff10 code [0x000000010dd20080, 0x000000010dd20238]
Event: 166.300 Thread 0x00007fbd43000800 nmethod 259 0x000000010dd93a10 code [0x000000010dd93ba0, 0x000000010dd93da8]
Event: 173.043 Thread 0x00007fbd4282e000  261             java.util.HashMap::removeEntryForKey (159 bytes)
Event: 173.048 Thread 0x00007fbd4282e000 nmethod 261 0x000000010dd95150 code [0x000000010dd952e0, 0x000000010dd95648]

GC Heap History (10 events):
Event: 3.546 GC heap before
{Heap before GC invocations=2 (full 0):
 PSYoungGen      total 38912K, used 38605K [0x00000007d5500000, 0x00000007d8000000, 0x0000000800000000)
  eden space 33792K, 100% used [0x00000007d5500000,0x00000007d7600000,0x00000007d7600000)
  from space 5120K, 94% used [0x00000007d7600000,0x00000007d7ab37c8,0x00000007d7b00000)
  to   space 5120K, 0% used [0x00000007d7b00000,0x00000007d7b00000,0x00000007d8000000)
 ParOldGen       total 87040K, used 8K [0x0000000780000000, 0x0000000785500000, 0x00000007d5500000)
  object space 87040K, 0% used [0x0000000780000000,0x0000000780002000,0x0000000785500000)
 PSPermGen       total 21504K, used 19704K [0x000000077ae00000, 0x000000077c300000, 0x0000000780000000)
  object space 21504K, 91% used [0x000000077ae00000,0x000000077c13e3a8,0x000000077c300000)
Event: 3.560 GC heap after
Heap after GC invocations=2 (full 0):
 PSYoungGen      total 38912K, used 5117K [0x00000007d5500000, 0x00000007d8000000, 0x0000000800000000)
  eden space 33792K, 0% used [0x00000007d5500000,0x00000007d5500000,0x00000007d7600000)
  from space 5120K, 99% used [0x00000007d7b00000,0x00000007d7fff4a0,0x00000007d8000000)
  to   space 5120K, 0% used [0x00000007d7600000,0x00000007d7600000,0x00000007d7b00000)
 ParOldGen       total 87040K, used 1763K [0x0000000780000000, 0x0000000785500000, 0x00000007d5500000)
  object space 87040K, 2% used [0x0000000780000000,0x00000007801b8c50,0x0000000785500000)
 PSPermGen       total 21504K, used 19704K [0x000000077ae00000, 0x000000077c300000, 0x0000000780000000)
  object space 21504K, 91% used [0x000000077ae00000,0x000000077c13e3a8,0x000000077c300000)
}
Event: 7.157 GC heap before
{Heap before GC invocations=3 (full 0):
 PSYoungGen      total 38912K, used 38893K [0x00000007d5500000, 0x00000007d8000000, 0x0000000800000000)
  eden space 33792K, 99% used [0x00000007d5500000,0x00000007d75fbfe0,0x00000007d7600000)
  from space 5120K, 99% used [0x00000007d7b00000,0x00000007d7fff4a0,0x00000007d8000000)
  to   space 5120K, 0% used [0x00000007d7600000,0x00000007d7600000,0x00000007d7b00000)
 ParOldGen       total 87040K, used 1763K [0x0000000780000000, 0x0000000785500000, 0x00000007d5500000)
  object space 87040K, 2% used [0x0000000780000000,0x00000007801b8c50,0x0000000785500000)
 PSPermGen       total 21504K, used 21129K [0x000000077ae00000, 0x000000077c300000, 0x0000000780000000)
  object space 21504K, 98% used [0x000000077ae00000,0x000000077c2a26e0,0x000000077c300000)
Event: 7.175 GC heap after
Heap after GC invocations=3 (full 0):
 PSYoungGen      total 38912K, used 5110K [0x00000007d5500000, 0x00000007d8000000, 0x0000000800000000)
  eden space 33792K, 0% used [0x00000007d5500000,0x00000007d5500000,0x00000007d7600000)
  from space 5120K, 99% used [0x00000007d7600000,0x00000007d7afd870,0x00000007d7b00000)
  to   space 5120K, 0% used [0x00000007d7b00000,0x00000007d7b00000,0x00000007d8000000)
 ParOldGen       total 87040K, used 7600K [0x0000000780000000, 0x0000000785500000, 0x00000007d5500000)
  object space 87040K, 8% used [0x0000000780000000,0x000000078076c200,0x0000000785500000)
 PSPermGen       total 21504K, used 21129K [0x000000077ae00000, 0x000000077c300000, 0x0000000780000000)
  object space 21504K, 98% used [0x000000077ae00000,0x000000077c2a26e0,0x000000077c300000)
}
Event: 8.146 GC heap before
{Heap before GC invocations=4 (full 0):
 PSYoungGen      total 38912K, used 38210K [0x00000007d5500000, 0x00000007d8000000, 0x0000000800000000)
  eden space 33792K, 97% used [0x00000007d5500000,0x00000007d7552f90,0x00000007d7600000)
  from space 5120K, 99% used [0x00000007d7600000,0x00000007d7afd870,0x00000007d7b00000)
  to   space 5120K, 0% used [0x00000007d7b00000,0x00000007d7b00000,0x00000007d8000000)
 ParOldGen       total 87040K, used 7600K [0x0000000780000000, 0x0000000785500000, 0x00000007d5500000)
  object space 87040K, 8% used [0x0000000780000000,0x000000078076c200,0x0000000785500000)
 PSPermGen       total 21504K, used 21198K [0x000000077ae00000, 0x000000077c300000, 0x0000000780000000)
  object space 21504K, 98% used [0x000000077ae00000,0x000000077c2b3a58,0x000000077c300000)
Event: 8.158 GC heap after
Heap after GC invocations=4 (full 0):
 PSYoungGen      total 38912K, used 5109K [0x00000007d5500000, 0x00000007d8000000, 0x0000000800000000)
  eden space 33792K, 0% used [0x00000007d5500000,0x00000007d5500000,0x00000007d7600000)
  from space 5120K, 99% used [0x00000007d7b00000,0x00000007d7ffd6d0,0x00000007d8000000)
  to   space 5120K, 0% used [0x00000007d7600000,0x00000007d7600000,0x00000007d7b00000)
 ParOldGen       total 87040K, used 17473K [0x0000000780000000, 0x0000000785500000, 0x00000007d5500000)
  object space 87040K, 20% used [0x0000000780000000,0x0000000781110598,0x0000000785500000)
 PSPermGen       total 21504K, used 21198K [0x000000077ae00000, 0x000000077c300000, 0x0000000780000000)
  object space 21504K, 98% used [0x000000077ae00000,0x000000077c2b3a58,0x000000077c300000)
}
Event: 8.253 GC heap before
{Heap before GC invocations=5 (full 0):
 PSYoungGen      total 38912K, used 38665K [0x00000007d5500000, 0x00000007d8000000, 0x0000000800000000)
  eden space 33792K, 99% used [0x00000007d5500000,0x00000007d75c50a8,0x00000007d7600000)
  from space 5120K, 99% used [0x00000007d7b00000,0x00000007d7ffd6d0,0x00000007d8000000)
  to   space 5120K, 0% used [0x00000007d7600000,0x00000007d7600000,0x00000007d7b00000)
 ParOldGen       total 87040K, used 17473K [0x0000000780000000, 0x0000000785500000, 0x00000007d5500000)
  object space 87040K, 20% used [0x0000000780000000,0x0000000781110598,0x0000000785500000)
 PSPermGen       total 21504K, used 21266K [0x000000077ae00000, 0x000000077c300000, 0x0000000780000000)
  object space 21504K, 98% used [0x000000077ae00000,0x000000077c2c4b48,0x000000077c300000)
Event: 8.272 GC heap after
Heap after GC invocations=5 (full 0):
 PSYoungGen      total 38912K, used 5089K [0x00000007d5500000, 0x00000007dbf00000, 0x0000000800000000)
  eden space 33792K, 0% used [0x00000007d5500000,0x00000007d5500000,0x00000007d7600000)
  from space 5120K, 99% used [0x00000007d7600000,0x00000007d7af87a8,0x00000007d7b00000)
  to   space 20480K, 0% used [0x00000007dab00000,0x00000007dab00000,0x00000007dbf00000)
 ParOldGen       total 87040K, used 29060K [0x0000000780000000, 0x0000000785500000, 0x00000007d5500000)
  object space 87040K, 33% used [0x0000000780000000,0x0000000781c612f0,0x0000000785500000)
 PSPermGen       total 21504K, used 21266K [0x000000077ae00000, 0x000000077c300000, 0x0000000780000000)
  object space 21504K, 98% used [0x000000077ae00000,0x000000077c2c4b48,0x000000077c300000)
}
Event: 508.020 GC heap before
{Heap before GC invocations=6 (full 0):
 PSYoungGen      total 38912K, used 38881K [0x00000007d5500000, 0x00000007dbf00000, 0x0000000800000000)
  eden space 33792K, 100% used [0x00000007d5500000,0x00000007d7600000,0x00000007d7600000)
  from space 5120K, 99% used [0x00000007d7600000,0x00000007d7af87a8,0x00000007d7b00000)
  to   space 20480K, 0% used [0x00000007dab00000,0x00000007dab00000,0x00000007dbf00000)
 ParOldGen       total 87040K, used 29060K [0x0000000780000000, 0x0000000785500000, 0x00000007d5500000)
  object space 87040K, 33% used [0x0000000780000000,0x0000000781c612f0,0x0000000785500000)
 PSPermGen       total 21504K, used 21278K [0x000000077ae00000, 0x000000077c300000, 0x0000000780000000)
  object space 21504K, 98% used [0x000000077ae00000,0x000000077c2c7928,0x000000077c300000)
Event: 508.039 GC heap after
Heap after GC invocations=6 (full 0):
 PSYoungGen      total 84992K, used 18334K [0x00000007d5500000, 0x00000007dc500000, 0x0000000800000000)
  eden space 64512K, 0% used [0x00000007d5500000,0x00000007d5500000,0x00000007d9400000)
  from space 20480K, 89% used [0x00000007dab00000,0x00000007dbce78c0,0x00000007dbf00000)
  to   space 23552K, 0% used [0x00000007d9400000,0x00000007d9400000,0x00000007dab00000)
 ParOldGen       total 87040K, used 29060K [0x0000000780000000, 0x0000000785500000, 0x00000007d5500000)
  object space 87040K, 33% used [0x0000000780000000,0x0000000781c612f0,0x0000000785500000)
 PSPermGen       total 21504K, used 21278K [0x000000077ae00000, 0x000000077c300000, 0x0000000780000000)
  object space 21504K, 98% used [0x000000077ae00000,0x000000077c2c7928,0x000000077c300000)
}

Deoptimization events (10 events):
Event: 3.527 Thread 0x00007fbd41832800 Uncommon trap: reason=bimorphic action=maybe_recompile pc=0x000000010dd5f8b0 method=javafx.beans.property.ObjectPropertyBase.get()Ljava/lang/Object; @ 23
Event: 3.527 Thread 0x00007fbd41832800 Uncommon trap: reason=bimorphic action=maybe_recompile pc=0x000000010dd5f8b0 method=javafx.beans.property.ObjectPropertyBase.get()Ljava/lang/Object; @ 23
Event: 3.537 Thread 0x00007fbd420e9000 Uncommon trap: reason=class_check action=maybe_recompile pc=0x000000010dd30bac method=java.io.FilterInputStream.read()I @ 4
Event: 3.537 Thread 0x00007fbd420e9000 Uncommon trap: reason=class_check action=maybe_recompile pc=0x000000010dd30bac method=java.io.FilterInputStream.read()I @ 4
Event: 3.537 Thread 0x00007fbd420e9000 Uncommon trap: reason=class_check action=maybe_recompile pc=0x000000010dd30bac method=java.io.FilterInputStream.read()I @ 4
Event: 3.539 Thread 0x00007fbd420e9000 Uncommon trap: reason=class_check action=maybe_recompile pc=0x000000010dd1bc04 method=java.io.DataInputStream.readFully([BII)V @ 34
Event: 3.539 Thread 0x00007fbd420e9000 Uncommon trap: reason=class_check action=maybe_recompile pc=0x000000010dd1bc04 method=java.io.DataInputStream.readFully([BII)V @ 34
Event: 3.539 Thread 0x00007fbd420e9000 Uncommon trap: reason=class_check action=maybe_recompile pc=0x000000010dd1bc04 method=java.io.DataInputStream.readFully([BII)V @ 34
Event: 3.543 Thread 0x00007fbd420e9000 Uncommon trap: reason=class_check action=maybe_recompile pc=0x000000010dd1bc04 method=java.io.DataInputStream.readFully([BII)V @ 34
Event: 7.879 Thread 0x00007fbd41832800 Uncommon trap: reason=unloaded action=reinterpret pc=0x000000010dd11564 method=java.util.ArrayList.rangeCheck(I)V @ 8

Internal exceptions (10 events):
Event: 8.211 Thread 0x00007fbd433ce000 Threw 0x00000007d61d2e50 at /HUDSON/workspace/7u-2-build-macosx-x86_64/jdk7u79/2331/hotspot/src/share/vm/prims/jvm.cpp:1304
Event: 8.213 Thread 0x00007fbd433ce000 Threw 0x00000007d61dfd20 at /HUDSON/workspace/7u-2-build-macosx-x86_64/jdk7u79/2331/hotspot/src/share/vm/interpreter/interpreterRuntime.cpp:347
Event: 536.633 Thread 0x00007fbd41832800 Threw 0x00000007d55a9d08 at /HUDSON/workspace/7u-2-build-macosx-x86_64/jdk7u79/2331/hotspot/src/share/vm/prims/jvm.cpp:1304
Event: 536.634 Thread 0x00007fbd41832800 Threw 0x00000007d55ace38 at /HUDSON/workspace/7u-2-build-macosx-x86_64/jdk7u79/2331/hotspot/src/share/vm/prims/jvm.cpp:1304
Event: 536.635 Thread 0x00007fbd41832800 Threw 0x00000007d55afee0 at /HUDSON/workspace/7u-2-build-macosx-x86_64/jdk7u79/2331/hotspot/src/share/vm/prims/jvm.cpp:1304
Event: 536.644 Thread 0x00007fbd4182a000 Threw 0x00000007d55e24c0 at /HUDSON/workspace/7u-2-build-macosx-x86_64/jdk7u79/2331/hotspot/src/share/vm/prims/jvm.cpp:1304
Event: 536.644 Thread 0x00007fbd41832800 Threw 0x00000007d55b53b0 at /HUDSON/workspace/7u-2-build-macosx-x86_64/jdk7u79/2331/hotspot/src/share/vm/prims/jvm.cpp:1304
Event: 536.645 Thread 0x00007fbd4182a000 Threw 0x00000007d55e5aa8 at /HUDSON/workspace/7u-2-build-macosx-x86_64/jdk7u79/2331/hotspot/src/share/vm/prims/jvm.cpp:1304
Event: 536.645 Thread 0x00007fbd4182a000 Threw 0x00000007d55e8b20 at /HUDSON/workspace/7u-2-build-macosx-x86_64/jdk7u79/2331/hotspot/src/share/vm/prims/jvm.cpp:1304
Event: 536.646 Thread 0x00007fbd41832800 Threw 0x00000007d55baba8 at /HUDSON/workspace/7u-2-build-macosx-x86_64/jdk7u79/2331/hotspot/src/share/vm/prims/jvm.cpp:1304

Events (10 events):
Event: 536.788 Executing VM operation: RevokeBias done
Event: 536.788 Thread 0x00007fbd419c4800 Thread exited: 0x00007fbd419c4800
Event: 539.406 Thread 0x00007fbd41832800 Thread exited: 0x00007fbd41832800
Event: 539.406 loading class 0x00007fbd42182db0
Event: 539.406 loading class 0x00007fbd42182de0
Event: 539.406 loading class 0x00007fbd42182de0 done
Event: 539.406 loading class 0x00007fbd42182db0 done
Event: 539.407 Thread 0x00007fbd43350000 Thread added: 0x00007fbd43350000
Event: 539.407 Thread 0x00007fbd43350000 Thread exited: 0x00007fbd43350000
Event: 539.407 Thread 0x00007fbd428a3000 Thread exited: 0x00007fbd428a3000


Dynamic libraries:
0x00000000072eb000 	/System/Library/Frameworks/Cocoa.framework/Versions/A/Cocoa
0x00000000072eb000 	/System/Library/Frameworks/Security.framework/Versions/A/Security
0x00000000072eb000 	/System/Library/Frameworks/ApplicationServices.framework/Versions/A/ApplicationServices
0x00000000072eb000 	/usr/lib/libz.1.dylib
0x00000000072eb000 	/usr/lib/libSystem.B.dylib
0x00000000072eb000 	/usr/lib/libobjc.A.dylib
0x00000000072eb000 	/System/Library/Frameworks/CoreFoundation.framework/Versions/A/CoreFoundation
0x00000000072eb000 	/System/Library/Frameworks/Foundation.framework/Versions/C/Foundation
0x00000000072eb000 	/System/Library/Frameworks/AppKit.framework/Versions/C/AppKit
0x00000000072eb000 	/System/Library/Frameworks/CoreData.framework/Versions/A/CoreData
0x00000000072eb000 	/System/Library/PrivateFrameworks/RemoteViewServices.framework/Versions/A/RemoteViewServices
0x00000000072eb000 	/System/Library/PrivateFrameworks/UIFoundation.framework/Versions/A/UIFoundation
0x00000000072eb000 	/usr/lib/libScreenReader.dylib
0x00000000072eb000 	/System/Library/Frameworks/Accelerate.framework/Versions/A/Accelerate
0x00000000072eb000 	/System/Library/Frameworks/IOSurface.framework/Versions/A/IOSurface
0x00000000072eb000 	/System/Library/Frameworks/AudioToolbox.framework/Versions/A/AudioToolbox
0x00000000072eb000 	/System/Library/Frameworks/AudioUnit.framework/Versions/A/AudioUnit
0x00000000072eb000 	/System/Library/PrivateFrameworks/DataDetectorsCore.framework/Versions/A/DataDetectorsCore
0x00000000072eb000 	/System/Library/PrivateFrameworks/DesktopServicesPriv.framework/Versions/A/DesktopServicesPriv
0x00000000072eb000 	/System/Library/Frameworks/Carbon.framework/Versions/A/Frameworks/HIToolbox.framework/Versions/A/HIToolbox
0x00000000072eb000 	/System/Library/Frameworks/QuartzCore.framework/Versions/A/QuartzCore
0x00000000072eb000 	/System/Library/Frameworks/Carbon.framework/Versions/A/Frameworks/SpeechRecognition.framework/Versions/A/SpeechRecognition
0x00000000072eb000 	/usr/lib/libauto.dylib
0x00000000072eb000 	/usr/lib/libicucore.A.dylib
0x00000000072eb000 	/usr/lib/libxml2.2.dylib
0x00000000072eb000 	/System/Library/PrivateFrameworks/CoreUI.framework/Versions/A/CoreUI
0x00000000072eb000 	/System/Library/Frameworks/CoreAudio.framework/Versions/A/CoreAudio
0x00000000072eb000 	/System/Library/Frameworks/DiskArbitration.framework/Versions/A/DiskArbitration
0x00000000072eb000 	/usr/lib/liblangid.dylib
0x00000000072eb000 	/System/Library/PrivateFrameworks/MultitouchSupport.framework/Versions/A/MultitouchSupport
0x00000000072eb000 	/System/Library/Frameworks/IOKit.framework/Versions/A/IOKit
0x00000000072eb000 	/usr/lib/libDiagnosticMessagesClient.dylib
0x00000000072eb000 	/System/Library/Frameworks/CoreServices.framework/Versions/A/CoreServices
0x00000000072eb000 	/System/Library/PrivateFrameworks/PerformanceAnalysis.framework/Versions/A/PerformanceAnalysis
0x00000000072eb000 	/System/Library/PrivateFrameworks/GenerationalStorage.framework/Versions/A/GenerationalStorage
0x00000000072eb000 	/System/Library/Frameworks/OpenGL.framework/Versions/A/OpenGL
0x00000000072eb000 	/System/Library/PrivateFrameworks/Sharing.framework/Versions/A/Sharing
0x00000000072eb000 	/System/Library/Frameworks/CoreGraphics.framework/Versions/A/CoreGraphics
0x00000000072eb000 	/System/Library/Frameworks/CoreImage.framework/Versions/A/CoreImage
0x00000000072eb000 	/System/Library/Frameworks/CoreText.framework/Versions/A/CoreText
0x00000000072eb000 	/System/Library/Frameworks/ImageIO.framework/Versions/A/ImageIO
0x00000000072eb000 	/System/Library/PrivateFrameworks/Backup.framework/Versions/A/Backup
0x00000000072eb000 	/usr/lib/libextension.dylib
0x00000000072eb000 	/usr/lib/libarchive.2.dylib
0x00000000072eb000 	/System/Library/Frameworks/CFNetwork.framework/Versions/A/CFNetwork
0x00000000072eb000 	/System/Library/Frameworks/SystemConfiguration.framework/Versions/A/SystemConfiguration
0x00000000072eb000 	/usr/lib/libCRFSuite.dylib
0x00000000072eb000 	/usr/lib/libc++.1.dylib
0x00000000072eb000 	/usr/lib/libc++abi.dylib
0x00000000072eb000 	/usr/lib/system/libcache.dylib
0x00000000072eb000 	/usr/lib/system/libcommonCrypto.dylib
0x00000000072eb000 	/usr/lib/system/libcompiler_rt.dylib
0x00000000072eb000 	/usr/lib/system/libcopyfile.dylib
0x00000000072eb000 	/usr/lib/system/libcorecrypto.dylib
0x00000000072eb000 	/usr/lib/system/libdispatch.dylib
0x00000000072eb000 	/usr/lib/system/libdyld.dylib
0x00000000072eb000 	/usr/lib/system/libkeymgr.dylib
0x00000000072eb000 	/usr/lib/system/liblaunch.dylib
0x00000000072eb000 	/usr/lib/system/libmacho.dylib
0x00000000072eb000 	/usr/lib/system/libquarantine.dylib
0x00000000072eb000 	/usr/lib/system/libremovefile.dylib
0x00000000072eb000 	/usr/lib/system/libsystem_asl.dylib
0x00000000072eb000 	/usr/lib/system/libsystem_blocks.dylib
0x00000000072eb000 	/usr/lib/system/libsystem_c.dylib
0x00000000072eb000 	/usr/lib/system/libsystem_configuration.dylib
0x00000000072eb000 	/usr/lib/system/libsystem_coreservices.dylib
0x00000000072eb000 	/usr/lib/system/libsystem_coretls.dylib
0x00000000072eb000 	/usr/lib/system/libsystem_dnssd.dylib
0x00000000072eb000 	/usr/lib/system/libsystem_info.dylib
0x00000000072eb000 	/usr/lib/system/libsystem_kernel.dylib
0x00000000072eb000 	/usr/lib/system/libsystem_m.dylib
0x00000000072eb000 	/usr/lib/system/libsystem_malloc.dylib
0x00000000072eb000 	/usr/lib/system/libsystem_network.dylib
0x00000000072eb000 	/usr/lib/system/libsystem_networkextension.dylib
0x00000000072eb000 	/usr/lib/system/libsystem_notify.dylib
0x00000000072eb000 	/usr/lib/system/libsystem_platform.dylib
0x00000000072eb000 	/usr/lib/system/libsystem_pthread.dylib
0x00000000072eb000 	/usr/lib/system/libsystem_sandbox.dylib
0x00000000072eb000 	/usr/lib/system/libsystem_secinit.dylib
0x00000000072eb000 	/usr/lib/system/libsystem_trace.dylib
0x00000000072eb000 	/usr/lib/system/libunc.dylib
0x00000000072eb000 	/usr/lib/system/libunwind.dylib
0x00000000072eb000 	/usr/lib/system/libxpc.dylib
0x00000000072eb000 	/usr/lib/libenergytrace.dylib
0x00000000072eb000 	/usr/lib/libbsm.0.dylib
0x00000000072eb000 	/usr/lib/system/libkxld.dylib
0x00000000072eb000 	/usr/lib/libxar.1.dylib
0x00000000072eb000 	/usr/lib/libsqlite3.dylib
0x00000000072eb000 	/usr/lib/libpam.2.dylib
0x00000000072eb000 	/usr/lib/libOpenScriptingUtil.dylib
0x00000000072eb000 	/usr/lib/libbz2.1.0.dylib
0x00000000072eb000 	/usr/lib/liblzma.5.dylib
0x00000000072eb000 	/System/Library/Frameworks/CoreServices.framework/Versions/A/Frameworks/FSEvents.framework/Versions/A/FSEvents
0x00000000072eb000 	/System/Library/Frameworks/CoreServices.framework/Versions/A/Frameworks/CarbonCore.framework/Versions/A/CarbonCore
0x00000000072eb000 	/System/Library/Frameworks/CoreServices.framework/Versions/A/Frameworks/Metadata.framework/Versions/A/Metadata
0x00000000072eb000 	/System/Library/Frameworks/CoreServices.framework/Versions/A/Frameworks/OSServices.framework/Versions/A/OSServices
0x00000000072eb000 	/System/Library/Frameworks/CoreServices.framework/Versions/A/Frameworks/SearchKit.framework/Versions/A/SearchKit
0x00000000072eb000 	/System/Library/Frameworks/CoreServices.framework/Versions/A/Frameworks/AE.framework/Versions/A/AE
0x00000000072eb000 	/System/Library/Frameworks/CoreServices.framework/Versions/A/Frameworks/LaunchServices.framework/Versions/A/LaunchServices
0x00000000072eb000 	/System/Library/Frameworks/CoreServices.framework/Versions/A/Frameworks/DictionaryServices.framework/Versions/A/DictionaryServices
0x00000000072eb000 	/System/Library/Frameworks/CoreServices.framework/Versions/A/Frameworks/SharedFileList.framework/Versions/A/SharedFileList
0x00000000072eb000 	/System/Library/Frameworks/NetFS.framework/Versions/A/NetFS
0x00000000072eb000 	/System/Library/PrivateFrameworks/NetAuth.framework/Versions/A/NetAuth
0x00000000072eb000 	/System/Library/PrivateFrameworks/login.framework/Versions/A/Frameworks/loginsupport.framework/Versions/A/loginsupport
0x00000000072eb000 	/System/Library/PrivateFrameworks/TCC.framework/Versions/A/TCC
0x00000000072eb000 	/usr/lib/libmecabra.dylib
0x00000000072eb000 	/System/Library/Frameworks/ApplicationServices.framework/Versions/A/Frameworks/ATS.framework/Versions/A/ATS
0x00000000072eb000 	/System/Library/Frameworks/ApplicationServices.framework/Versions/A/Frameworks/ColorSync.framework/Versions/A/ColorSync
0x00000000072eb000 	/System/Library/Frameworks/ApplicationServices.framework/Versions/A/Frameworks/HIServices.framework/Versions/A/HIServices
0x00000000072eb000 	/System/Library/Frameworks/ApplicationServices.framework/Versions/A/Frameworks/LangAnalysis.framework/Versions/A/LangAnalysis
0x00000000072eb000 	/System/Library/Frameworks/ApplicationServices.framework/Versions/A/Frameworks/PrintCore.framework/Versions/A/PrintCore
0x00000000072eb000 	/System/Library/Frameworks/ApplicationServices.framework/Versions/A/Frameworks/QD.framework/Versions/A/QD
0x00000000072eb000 	/System/Library/Frameworks/ApplicationServices.framework/Versions/A/Frameworks/SpeechSynthesis.framework/Versions/A/SpeechSynthesis
0x00000000072eb000 	/System/Library/Frameworks/Metal.framework/Versions/A/Metal
0x00000000072eb000 	/System/Library/Frameworks/Accelerate.framework/Versions/A/Frameworks/vImage.framework/Versions/A/vImage
0x00000000072eb000 	/System/Library/Frameworks/Accelerate.framework/Versions/A/Frameworks/vecLib.framework/Versions/A/vecLib
0x00000000072eb000 	/System/Library/Frameworks/Accelerate.framework/Versions/A/Frameworks/vecLib.framework/Versions/A/libvDSP.dylib
0x00000000072eb000 	/System/Library/Frameworks/Accelerate.framework/Versions/A/Frameworks/vecLib.framework/Versions/A/libvMisc.dylib
0x00000000072eb000 	/System/Library/Frameworks/Accelerate.framework/Versions/A/Frameworks/vecLib.framework/Versions/A/libLAPACK.dylib
0x00000000072eb000 	/System/Library/Frameworks/Accelerate.framework/Versions/A/Frameworks/vecLib.framework/Versions/A/libBLAS.dylib
0x00000000072eb000 	/System/Library/Frameworks/Accelerate.framework/Versions/A/Frameworks/vecLib.framework/Versions/A/libLinearAlgebra.dylib
0x00000000072eb000 	/System/Library/Frameworks/Accelerate.framework/Versions/A/Frameworks/vecLib.framework/Versions/A/libSparseBLAS.dylib
0x00000000072eb000 	/System/Library/PrivateFrameworks/GPUCompiler.framework/libmetal_timestamp.dylib
0x00000000072eb000 	/System/Library/Frameworks/OpenGL.framework/Versions/A/Libraries/libCoreFSCache.dylib
0x00000000072eb000 	/System/Library/PrivateFrameworks/IOAccelerator.framework/Versions/A/IOAccelerator
0x00000000072eb000 	/System/Library/Frameworks/ApplicationServices.framework/Versions/A/Frameworks/ATS.framework/Versions/A/Resources/libFontParser.dylib
0x00000000072eb000 	/System/Library/Frameworks/ApplicationServices.framework/Versions/A/Frameworks/ATS.framework/Versions/A/Resources/libFontRegistry.dylib
0x00000000072eb000 	/System/Library/PrivateFrameworks/AppleVPA.framework/Versions/A/AppleVPA
0x00000000072eb000 	/System/Library/PrivateFrameworks/AppleJPEG.framework/Versions/A/AppleJPEG
0x00000000072eb000 	/System/Library/Frameworks/ImageIO.framework/Versions/A/Resources/libJPEG.dylib
0x00000000072eb000 	/System/Library/Frameworks/ImageIO.framework/Versions/A/Resources/libTIFF.dylib
0x00000000072eb000 	/System/Library/Frameworks/ImageIO.framework/Versions/A/Resources/libPng.dylib
0x00000000072eb000 	/System/Library/Frameworks/ImageIO.framework/Versions/A/Resources/libGIF.dylib
0x00000000072eb000 	/System/Library/Frameworks/ImageIO.framework/Versions/A/Resources/libJP2.dylib
0x00000000072eb000 	/System/Library/Frameworks/ImageIO.framework/Versions/A/Resources/libRadiance.dylib
0x00000000072eb000 	/System/Library/Frameworks/CoreVideo.framework/Versions/A/CoreVideo
0x00000000072eb000 	/System/Library/Frameworks/OpenGL.framework/Versions/A/Libraries/libGLU.dylib
0x00000000072eb000 	/System/Library/Frameworks/OpenGL.framework/Versions/A/Libraries/libGFXShared.dylib
0x00000000072eb000 	/System/Library/Frameworks/OpenGL.framework/Versions/A/Libraries/libGL.dylib
0x00000000072eb000 	/System/Library/Frameworks/OpenGL.framework/Versions/A/Libraries/libGLImage.dylib
0x00000000072eb000 	/System/Library/Frameworks/OpenGL.framework/Versions/A/Libraries/libCVMSPluginSupport.dylib
0x00000000072eb000 	/System/Library/Frameworks/OpenGL.framework/Versions/A/Libraries/libCoreVMClient.dylib
0x00000000072eb000 	/usr/lib/libcups.2.dylib
0x00000000072eb000 	/System/Library/Frameworks/Kerberos.framework/Versions/A/Kerberos
0x00000000072eb000 	/System/Library/Frameworks/GSS.framework/Versions/A/GSS
0x00000000072eb000 	/usr/lib/libresolv.9.dylib
0x00000000072eb000 	/usr/lib/libiconv.2.dylib
0x00000000072eb000 	/System/Library/PrivateFrameworks/Heimdal.framework/Versions/A/Heimdal
0x00000000072eb000 	/usr/lib/libheimdal-asn1.dylib
0x00000000072eb000 	/System/Library/Frameworks/OpenDirectory.framework/Versions/A/OpenDirectory
0x00000000072eb000 	/System/Library/PrivateFrameworks/CommonAuth.framework/Versions/A/CommonAuth
0x00000000072eb000 	/System/Library/Frameworks/OpenDirectory.framework/Versions/A/Frameworks/CFOpenDirectory.framework/Versions/A/CFOpenDirectory
0x00000000072eb000 	/System/Library/Frameworks/SecurityFoundation.framework/Versions/A/SecurityFoundation
0x00000000072eb000 	/System/Library/PrivateFrameworks/LanguageModeling.framework/Versions/A/LanguageModeling
0x00000000072eb000 	/usr/lib/libmarisa.dylib
0x00000000072eb000 	/usr/lib/libChineseTokenizer.dylib
0x00000000072eb000 	/usr/lib/libcmph.dylib
0x00000000072eb000 	/usr/lib/libcompression.dylib
0x00000000072eb000 	/System/Library/Frameworks/ServiceManagement.framework/Versions/A/ServiceManagement
0x00000000072eb000 	/usr/lib/libxslt.1.dylib
0x00000000072eb000 	/System/Library/Frameworks/Carbon.framework/Versions/A/Frameworks/Ink.framework/Versions/A/Ink
0x00000000072eb000 	/usr/lib/libFosl_dynamic.dylib
0x00000000072eb000 	/System/Library/PrivateFrameworks/FaceCore.framework/Versions/A/FaceCore
0x00000000072eb000 	/System/Library/Frameworks/OpenCL.framework/Versions/A/OpenCL
0x00000000072eb000 	/System/Library/PrivateFrameworks/CrashReporterSupport.framework/Versions/A/CrashReporterSupport
0x00000000072eb000 	/System/Library/PrivateFrameworks/IconServices.framework/Versions/A/IconServices
0x00000000072eb000 	/System/Library/PrivateFrameworks/Apple80211.framework/Versions/A/Apple80211
0x00000000072eb000 	/System/Library/Frameworks/CoreWLAN.framework/Versions/A/CoreWLAN
0x00000000072eb000 	/System/Library/Frameworks/IOBluetooth.framework/Versions/A/IOBluetooth
0x00000000072eb000 	/System/Library/PrivateFrameworks/CoreWiFi.framework/Versions/A/CoreWiFi
0x00000000072eb000 	/System/Library/Frameworks/CoreBluetooth.framework/Versions/A/CoreBluetooth
0x00000000072eb000 	/System/Library/PrivateFrameworks/ChunkingLibrary.framework/Versions/A/ChunkingLibrary
0x00000000072eb000 	/System/Library/PrivateFrameworks/DebugSymbols.framework/Versions/A/DebugSymbols
0x00000000072eb000 	/System/Library/PrivateFrameworks/CoreSymbolication.framework/Versions/A/CoreSymbolication
0x00000000072eb000 	/System/Library/PrivateFrameworks/Symbolication.framework/Versions/A/Symbolication
0x00000000072eb000 	/System/Library/PrivateFrameworks/SpeechRecognitionCore.framework/Versions/A/SpeechRecognitionCore
0x000000010d200000 	/Library/Java/JavaVirtualMachines/jdk1.7.0_79.jdk/Contents/Home/jre/lib/server/libjvm.dylib
0x00000000072eb000 	/usr/lib/libstdc++.6.dylib
0x000000010c87c000 	/Library/Java/JavaVirtualMachines/jdk1.7.0_79.jdk/Contents/Home/jre/lib/libverify.dylib
0x000000010c889000 	/Library/Java/JavaVirtualMachines/jdk1.7.0_79.jdk/Contents/Home/jre/lib/libjava.dylib
0x000000010c8c3000 	/Library/Java/JavaVirtualMachines/jdk1.7.0_79.jdk/Contents/Home/jre/lib/libzip.dylib
0x0000000116c8b000 	/System/Library/Frameworks/JavaVM.framework/Frameworks/JavaRuntimeSupport.framework/JavaRuntimeSupport
0x0000000116ca6000 	/System/Library/Frameworks/JavaVM.framework/Versions/A/Frameworks/JavaNativeFoundation.framework/Versions/A/JavaNativeFoundation
0x0000000116cbb000 	/System/Library/Frameworks/JavaVM.framework/Versions/A/JavaVM
0x00000000072eb000 	/System/Library/Frameworks/Carbon.framework/Versions/A/Carbon
0x0000000116cc8000 	/System/Library/PrivateFrameworks/JavaLaunching.framework/Versions/A/JavaLaunching
0x00000000072eb000 	/System/Library/Frameworks/Carbon.framework/Versions/A/Frameworks/CommonPanels.framework/Versions/A/CommonPanels
0x00000000072eb000 	/System/Library/Frameworks/Carbon.framework/Versions/A/Frameworks/Help.framework/Versions/A/Help
0x00000000072eb000 	/System/Library/Frameworks/Carbon.framework/Versions/A/Frameworks/ImageCapture.framework/Versions/A/ImageCapture
0x00000000072eb000 	/System/Library/Frameworks/Carbon.framework/Versions/A/Frameworks/OpenScripting.framework/Versions/A/OpenScripting
0x00000000072eb000 	/System/Library/Frameworks/Carbon.framework/Versions/A/Frameworks/Print.framework/Versions/A/Print
0x00000000072eb000 	/System/Library/Frameworks/Carbon.framework/Versions/A/Frameworks/SecurityHI.framework/Versions/A/SecurityHI
0x00000001187bb000 	/Applications/IntelliJ IDEA 14 CE.app/Contents/bin/libbreakgen64.jnilib
0x00000001187be000 	/Library/Java/JavaVirtualMachines/jdk1.7.0_79.jdk/Contents/Home/jre/lib/libnet.dylib
0x000000011881c000 	/Library/Java/JavaVirtualMachines/jdk1.7.0_79.jdk/Contents/Home/jre/lib/libprism-es2.dylib
0x00000000072eb000 	/System/Library/Frameworks/OpenGL.framework/Versions/A/Resources/GLEngine.bundle/GLEngine
0x00000000072eb000 	/System/Library/Frameworks/OpenGL.framework/Versions/A/Libraries/libGLProgrammability.dylib
0x0000000118898000 	/System/Library/Extensions/AppleIntelBDWGraphicsGLDriver.bundle/Contents/MacOS/AppleIntelBDWGraphicsGLDriver
0x00000000072eb000 	/System/Library/PrivateFrameworks/GPUSupport.framework/Versions/A/Libraries/libGPUSupportMercury.dylib
0x00000000072eb000 	/System/Library/Frameworks/OpenGL.framework/Versions/A/Resources/GLRendererFloat.bundle/GLRendererFloat
0x00000000072eb000 	/System/Library/Frameworks/OpenCL.framework/Versions/A/Libraries/libcldcpuengine.dylib
0x00000000072eb000 	/System/Library/PrivateFrameworks/DiskImages.framework/Versions/A/DiskImages
0x00000000072eb000 	/System/Library/Frameworks/DiscRecording.framework/Versions/A/DiscRecording
0x00000000072eb000 	/usr/lib/libcsfde.dylib
0x00000000072eb000 	/usr/lib/libcurl.4.dylib
0x00000000072eb000 	/System/Library/PrivateFrameworks/MediaKit.framework/Versions/A/MediaKit
0x00000000072eb000 	/System/Library/PrivateFrameworks/ProtectedCloudStorage.framework/Versions/A/ProtectedCloudStorage
0x00000000072eb000 	/usr/lib/libCoreStorage.dylib
0x00000000072eb000 	/System/Library/PrivateFrameworks/EFILogin.framework/Versions/A/EFILogin
0x00000000072eb000 	/usr/lib/libutil.dylib
0x00000000072eb000 	/System/Library/PrivateFrameworks/FindMyDevice.framework/Versions/A/FindMyDevice
0x00000000072eb000 	/System/Library/Frameworks/LDAP.framework/Versions/A/LDAP
0x00000000072eb000 	/usr/lib/libsasl2.2.dylib
0x00000000072eb000 	/System/Library/PrivateFrameworks/CoreDaemon.framework/Versions/B/CoreDaemon
0x00000000072eb000 	/usr/lib/libcrypto.0.9.8.dylib
0x00000000072eb000 	/System/Library/PrivateFrameworks/AppleSRP.framework/Versions/A/AppleSRP
0x00000000072eb000 	/System/Library/PrivateFrameworks/TrustEvaluationAgent.framework/Versions/A/TrustEvaluationAgent
0x0000000119446000 	/Library/Java/JavaVirtualMachines/jdk1.7.0_79.jdk/Contents/Home/jre/lib/libglass.dylib
0x00000000072eb000 	/System/Library/PrivateFrameworks/CoreServicesInternal.framework/Versions/A/CoreServicesInternal
0x00000000072eb000 	/System/Library/CoreServices/RawCamera.bundle/Contents/MacOS/RawCamera
0x00000000072eb000 	/System/Library/Frameworks/CoreGraphics.framework/Versions/A/Resources/libRIP.A.dylib
0x00000000072eb000 	/System/Library/Frameworks/Accelerate.framework/Versions/A/Frameworks/vImage.framework/Versions/A/Libraries/libCGInterfaces.dylib
0x00000000072eb000 	/System/Library/PrivateFrameworks/FamilyControls.framework/Versions/A/FamilyControls
0x00000000072eb000 	/System/Library/PrivateFrameworks/CommerceKit.framework/Versions/A/Frameworks/CommerceCore.framework/Versions/A/CommerceCore
0x00000000072eb000 	/System/Library/PrivateFrameworks/SystemAdministration.framework/Versions/A/SystemAdministration
0x00000000072eb000 	/System/Library/PrivateFrameworks/AppContainer.framework/Versions/A/AppContainer
0x00000000072eb000 	/System/Library/PrivateFrameworks/SecCodeWrapper.framework/Versions/A/SecCodeWrapper
0x00000000072eb000 	/System/Library/Frameworks/DirectoryService.framework/Versions/A/DirectoryService
0x00000000072eb000 	/System/Library/PrivateFrameworks/LoginUIKit.framework/Versions/A/Frameworks/LoginUICore.framework/Versions/A/LoginUICore
0x00000000072eb000 	/usr/lib/libodfde.dylib
0x000000011b918000 	/Library/Java/JavaVirtualMachines/jdk1.7.0_79.jdk/Contents/Home/jre/lib/libnio.dylib
0x000000011b92c000 	/Library/Java/JavaVirtualMachines/jdk1.7.0_79.jdk/Contents/Home/jre/lib/libsunec.dylib
0x000000011ba23000 	/Library/Java/JavaVirtualMachines/jdk1.7.0_79.jdk/Contents/Home/jre/lib/libjavafx-font.dylib
0x00000000072eb000 	/System/Library/Frameworks/CoreGraphics.framework/Versions/A/Resources/libCGXType.A.dylib
0x000000012034b000 	/System/Library/Extensions/AppleIntelBDWGraphicsMTLDriver.bundle/Contents/MacOS/AppleIntelBDWGraphicsMTLDriver
0x000000011f927000 	cl_kernels
0x00000000072eb000 	/System/Library/Frameworks/OpenCL.framework/Versions/A/Libraries/ImageFormats/unorm8_bgra.dylib
0x00000000072eb000 	/System/Library/Frameworks/OpenCL.framework/Versions/A/Libraries/ImageFormats/unorm8_rgba.dylib

VM Arguments:
jvm_args: -Didea.launcher.port=7532 -Didea.launcher.bin.path=/Applications/IntelliJ IDEA 14 CE.app/Contents/bin -Dfile.encoding=UTF-8 
java_command: com.intellij.rt.execution.application.AppMain sample.Main
Launcher Type: SUN_STANDARD

Environment Variables:
PATH=/Library/Frameworks/Python.framework/Versions/3.5/bin:/usr/local/bin:/usr/bin:/bin:/usr/sbin:/sbin
SHELL=/bin/bash

Signal Handlers:
SIGSEGV: [libjvm.dylib+0x52daf1], sa_mask[0]=0xfffefeff, sa_flags=0x00000043
SIGBUS: [libjvm.dylib+0x52daf1], sa_mask[0]=0xfffefeff, sa_flags=0x00000042
SIGFPE: [libjvm.dylib+0x41f34e], sa_mask[0]=0xfffefeff, sa_flags=0x00000042
SIGPIPE: [libjvm.dylib+0x41f34e], sa_mask[0]=0xfffefeff, sa_flags=0x00000042
SIGXFSZ: [libjvm.dylib+0x41f34e], sa_mask[0]=0xfffefeff, sa_flags=0x00000042
SIGILL: [libjvm.dylib+0x41f34e], sa_mask[0]=0xfffefeff, sa_flags=0x00000042
SIGUSR1: SIG_DFL, sa_mask[0]=0x00000000, sa_flags=0x00000000
SIGUSR2: [libjvm.dylib+0x41ee40], sa_mask[0]=0x00000004, sa_flags=0x00000042
SIGHUP: [libjvm.dylib+0x41d0d1], sa_mask[0]=0xfffefeff, sa_flags=0x00000042
SIGINT: [libjvm.dylib+0x41d0d1], sa_mask[0]=0xfffefeff, sa_flags=0x00000042
SIGTERM: [libjvm.dylib+0x41d0d1], sa_mask[0]=0xfffefeff, sa_flags=0x00000042
SIGQUIT: [libjvm.dylib+0x41d0d1], sa_mask[0]=0xfffefeff, sa_flags=0x00000042


---------------  S Y S T E M  ---------------

OS:Bsduname:Darwin 15.0.0 Darwin Kernel Version 15.0.0: Sat Sep 19 15:53:46 PDT 2015; root:xnu-3247.10.11~1/RELEASE_X86_64 x86_64
rlimit: STACK 8192k, CORE 0k, NPROC 709, NOFILE 10240, AS infinity
load average:3.67 2.85 2.27

CPU:total 4 (2 cores per cpu, 2 threads per core) family 6 model 61 stepping 4, cmov, cx8, fxsr, mmx, sse, sse2, sse3, ssse3, sse4.1, sse4.2, popcnt, avx, avx2, aes, erms, ht, tsc, tscinvbit

Memory: 4k page, physical 8388608k(2097152k free)

/proc/meminfo:


vm_info: Java HotSpot(TM) 64-Bit Server VM (24.79-b02) for bsd-amd64 JRE (1.7.0_79-b15), built on Apr 10 2015 11:35:04 by "java_re" with gcc 4.2.1 (Based on Apple Inc. build 5658) (LLVM build 2336.11.00)

time: Thu Oct 29 18:45:35 2015
elapsed time: 539 seconds

